<?xml version="1.0" encoding="utf-8"?><testsuites><testsuite name="pytest" errors="0" failures="0" skipped="0" tests="3" time="11.233" timestamp="2025-02-04T12:44:22.243246" hostname="Chiuzus-MacBook-Pro.local"><testcase classname="tests.steps.test_basic_auth_bdd" name="test_moving_to_the_basic_auth_page" time="6.372" /><testcase classname="tests.steps.test_basic_auth_bdd" name="test_at_the_basic_auth_page" time="4.831" /><testcase classname="tests.steps.test_home_page_bdd" name="test_home_page" time="0.000" /></testsuite></testsuites>